error: 
    TIME: Mon Oct 26 2020 10:29:48 GMT+0300 (Москва, стандартное время)
    TYPE: GET
    URL: /boards/5f967aeb11d3700aa4defcda
    BODY: no body for GET
    ERROR STATUS: 404
    ERROR MESSAGE: Not Found
    ERROR DETAILS:
    Error: Not Found
    at D:\projects\NodeJS-course\src\resources\boards\board.router.js:19:19
    at processTicksAndRejections (internal/process/task_queues.js:97:5)
    at runNextTicks (internal/process/task_queues.js:66:3)
    at processImmediate (internal/timers.js:429:9)
    
error: 
    TIME: Mon Oct 26 2020 10:29:49 GMT+0300 (Москва, стандартное время)
    TYPE: GET
    URL: /boards/5f967aec11d3700aa4defcdb/tasks/5f967aec11d3700aa4defcdd
    BODY: no body for GET
    ERROR STATUS: 404
    ERROR MESSAGE: Not Found
    ERROR DETAILS:
    Error: Not Found
    at D:\projects\NodeJS-course\src\resources\tasks\task.router.js:33:19
    at processTicksAndRejections (internal/process/task_queues.js:97:5)
    at runNextTicks (internal/process/task_queues.js:66:3)
    at processImmediate (internal/timers.js:429:9)
    
error: 
    TIME: Mon Oct 26 2020 10:29:49 GMT+0300 (Москва, стандартное время)
    TYPE: GET
    URL: /boards/5f967aec11d3700aa4defcdb/tasks/5f967aec11d3700aa4defcde
    BODY: no body for GET
    ERROR STATUS: 404
    ERROR MESSAGE: Not Found
    ERROR DETAILS:
    Error: Not Found
    at D:\projects\NodeJS-course\src\resources\tasks\task.router.js:33:19
    at processTicksAndRejections (internal/process/task_queues.js:97:5)
    at runNextTicks (internal/process/task_queues.js:66:3)
    at processImmediate (internal/timers.js:429:9)
    
error: 
    TIME: Mon Oct 26 2020 10:29:49 GMT+0300 (Москва, стандартное время)
    TYPE: GET
    URL: /boards/5f967aec11d3700aa4defcdb/tasks/5f967aec11d3700aa4defcdc
    BODY: no body for GET
    ERROR STATUS: 404
    ERROR MESSAGE: Not Found
    ERROR DETAILS:
    Error: Not Found
    at D:\projects\NodeJS-course\src\resources\tasks\task.router.js:33:19
    at processTicksAndRejections (internal/process/task_queues.js:97:5)
    at runNextTicks (internal/process/task_queues.js:66:3)
    at processImmediate (internal/timers.js:429:9)
    
error: 
    TIME: Mon Oct 26 2020 10:29:49 GMT+0300 (Москва, стандартное время)
    TYPE: GET
    URL: /boards/5f967aec11d3700aa4defcdb/tasks/5f967aec11d3700aa4defcdf
    BODY: no body for GET
    ERROR STATUS: 404
    ERROR MESSAGE: Not Found
    ERROR DETAILS:
    Error: Not Found
    at D:\projects\NodeJS-course\src\resources\tasks\task.router.js:33:19
    at processTicksAndRejections (internal/process/task_queues.js:97:5)
    at runNextTicks (internal/process/task_queues.js:66:3)
    at processImmediate (internal/timers.js:429:9)
    
error: 
    TIME: Mon Oct 26 2020 10:29:49 GMT+0300 (Москва, стандартное время)
    TYPE: GET
    URL: /boards/5f967aec11d3700aa4defcdb/tasks/5f967aec11d3700aa4defce0
    BODY: no body for GET
    ERROR STATUS: 404
    ERROR MESSAGE: Not Found
    ERROR DETAILS:
    Error: Not Found
    at D:\projects\NodeJS-course\src\resources\tasks\task.router.js:33:19
    at processTicksAndRejections (internal/process/task_queues.js:97:5)
    at runNextTicks (internal/process/task_queues.js:66:3)
    at processImmediate (internal/timers.js:429:9)
    
error: 
    TIME: Mon Oct 26 2020 10:29:52 GMT+0300 (Москва, стандартное время)
    TYPE: GET
    URL: /boards/5f967aed11d3700aa4defce1/tasks/5f967aee11d3700aa4defce2
    BODY: no body for GET
    ERROR STATUS: 404
    ERROR MESSAGE: Not Found
    ERROR DETAILS:
    Error: Not Found
    at D:\projects\NodeJS-course\src\resources\tasks\task.router.js:33:19
    at processTicksAndRejections (internal/process/task_queues.js:97:5)
    at runNextTicks (internal/process/task_queues.js:66:3)
    at processImmediate (internal/timers.js:429:9)
    
error: 
  TIME: Mon Oct 26 2020 10:30:32 GMT+0300 (Москва, стандартное время)
  ERROR: MongoError: bad auth : Authentication failed.
  ERROR PROMISE REJECTION DETAILS: MongoError: bad auth : Authentication failed.
    at MessageStream.messageHandler (D:\projects\NodeJS-course\node_modules\mongodb\lib\cmap\connection.js:268:20)
    at MessageStream.emit (events.js:315:20)
    at processIncomingData (D:\projects\NodeJS-course\node_modules\mongodb\lib\cmap\message_stream.js:144:12)
    at MessageStream._write (D:\projects\NodeJS-course\node_modules\mongodb\lib\cmap\message_stream.js:42:5)
    at writeOrBuffer (_stream_writable.js:352:12)
    at MessageStream.Writable.write (_stream_writable.js:303:10)
    at TLSSocket.ondata (_stream_readable.js:712:22)
    at TLSSocket.emit (events.js:315:20)
    at addChunk (_stream_readable.js:302:12)
    at readableAddChunk (_stream_readable.js:278:9)
    at TLSSocket.Readable.push (_stream_readable.js:217:10)
    at TLSWrap.onStreamRead (internal/stream_base_commons.js:186:23)
error: 
    TIME: Mon Oct 26 2020 10:31:42 GMT+0300 (Москва, стандартное время)
    TYPE: GET
    URL: /boards/5f967b5d7262811af0de6bde
    BODY: no body for GET
    ERROR STATUS: 404
    ERROR MESSAGE: Not Found
    ERROR DETAILS:
    Error: Not Found
    at D:\projects\NodeJS-course\src\resources\boards\board.router.js:19:19
    at processTicksAndRejections (internal/process/task_queues.js:97:5)
    at runNextTicks (internal/process/task_queues.js:66:3)
    at processImmediate (internal/timers.js:429:9)
    
error: 
    TIME: Mon Oct 26 2020 10:31:43 GMT+0300 (Москва, стандартное время)
    TYPE: GET
    URL: /boards/5f967b5e7262811af0de6bdf/tasks/5f967b5e7262811af0de6be1
    BODY: no body for GET
    ERROR STATUS: 404
    ERROR MESSAGE: Not Found
    ERROR DETAILS:
    Error: Not Found
    at D:\projects\NodeJS-course\src\resources\tasks\task.router.js:33:19
    at processTicksAndRejections (internal/process/task_queues.js:97:5)
    at runNextTicks (internal/process/task_queues.js:66:3)
    at processImmediate (internal/timers.js:429:9)
    
error: 
    TIME: Mon Oct 26 2020 10:31:43 GMT+0300 (Москва, стандартное время)
    TYPE: GET
    URL: /boards/5f967b5e7262811af0de6bdf/tasks/5f967b5e7262811af0de6be0
    BODY: no body for GET
    ERROR STATUS: 404
    ERROR MESSAGE: Not Found
    ERROR DETAILS:
    Error: Not Found
    at D:\projects\NodeJS-course\src\resources\tasks\task.router.js:33:19
    at processTicksAndRejections (internal/process/task_queues.js:97:5)
    at runNextTicks (internal/process/task_queues.js:66:3)
    at processImmediate (internal/timers.js:429:9)
    
error: 
    TIME: Mon Oct 26 2020 10:31:43 GMT+0300 (Москва, стандартное время)
    TYPE: GET
    URL: /boards/5f967b5e7262811af0de6bdf/tasks/5f967b5e7262811af0de6be2
    BODY: no body for GET
    ERROR STATUS: 404
    ERROR MESSAGE: Not Found
    ERROR DETAILS:
    Error: Not Found
    at D:\projects\NodeJS-course\src\resources\tasks\task.router.js:33:19
    at processTicksAndRejections (internal/process/task_queues.js:97:5)
    at runNextTicks (internal/process/task_queues.js:66:3)
    at processImmediate (internal/timers.js:429:9)
    
error: 
    TIME: Mon Oct 26 2020 10:31:43 GMT+0300 (Москва, стандартное время)
    TYPE: GET
    URL: /boards/5f967b5e7262811af0de6bdf/tasks/5f967b5e7262811af0de6be3
    BODY: no body for GET
    ERROR STATUS: 404
    ERROR MESSAGE: Not Found
    ERROR DETAILS:
    Error: Not Found
    at D:\projects\NodeJS-course\src\resources\tasks\task.router.js:33:19
    at processTicksAndRejections (internal/process/task_queues.js:97:5)
    at runNextTicks (internal/process/task_queues.js:66:3)
    at processImmediate (internal/timers.js:429:9)
    
error: 
    TIME: Mon Oct 26 2020 10:31:43 GMT+0300 (Москва, стандартное время)
    TYPE: GET
    URL: /boards/5f967b5e7262811af0de6bdf/tasks/5f967b5e7262811af0de6be4
    BODY: no body for GET
    ERROR STATUS: 404
    ERROR MESSAGE: Not Found
    ERROR DETAILS:
    Error: Not Found
    at D:\projects\NodeJS-course\src\resources\tasks\task.router.js:33:19
    at processTicksAndRejections (internal/process/task_queues.js:97:5)
    at runNextTicks (internal/process/task_queues.js:66:3)
    at processImmediate (internal/timers.js:429:9)
    
error: 
    TIME: Mon Oct 26 2020 10:31:46 GMT+0300 (Москва, стандартное время)
    TYPE: GET
    URL: /boards/5f967b5f7262811af0de6be5/tasks/5f967b5f7262811af0de6be6
    BODY: no body for GET
    ERROR STATUS: 404
    ERROR MESSAGE: Not Found
    ERROR DETAILS:
    Error: Not Found
    at D:\projects\NodeJS-course\src\resources\tasks\task.router.js:33:19
    at processTicksAndRejections (internal/process/task_queues.js:97:5)
    at runNextTicks (internal/process/task_queues.js:66:3)
    at processImmediate (internal/timers.js:429:9)
    
error: 
    TIME: Wed Oct 28 2020 12:04:51 GMT+0300 (Москва, стандартное время)
    TYPE: GET
    URL: /boards/5f99343216b05307d8902eac
    BODY: no body for GET
    ERROR STATUS: 404
    ERROR MESSAGE: Not Found
    ERROR DETAILS:
    Error: Not Found
    at D:\projects\NodeJS-course\src\resources\boards\board.router.js:19:19
    at processTicksAndRejections (internal/process/task_queues.js:97:5)
    at runNextTicks (internal/process/task_queues.js:66:3)
    at processImmediate (internal/timers.js:429:9)
    
error: 
    TIME: Wed Oct 28 2020 12:04:53 GMT+0300 (Москва, стандартное время)
    TYPE: GET
    URL: /boards/5f99343316b05307d8902ead/tasks/5f99343316b05307d8902eae
    BODY: no body for GET
    ERROR STATUS: 404
    ERROR MESSAGE: Not Found
    ERROR DETAILS:
    Error: Not Found
    at D:\projects\NodeJS-course\src\resources\tasks\task.router.js:33:19
    at processTicksAndRejections (internal/process/task_queues.js:97:5)
    at runNextTicks (internal/process/task_queues.js:66:3)
    at processImmediate (internal/timers.js:429:9)
    
error: 
    TIME: Wed Oct 28 2020 12:04:53 GMT+0300 (Москва, стандартное время)
    TYPE: GET
    URL: /boards/5f99343316b05307d8902ead/tasks/5f99343316b05307d8902eaf
    BODY: no body for GET
    ERROR STATUS: 404
    ERROR MESSAGE: Not Found
    ERROR DETAILS:
    Error: Not Found
    at D:\projects\NodeJS-course\src\resources\tasks\task.router.js:33:19
    at processTicksAndRejections (internal/process/task_queues.js:97:5)
    at runNextTicks (internal/process/task_queues.js:66:3)
    at processImmediate (internal/timers.js:429:9)
    
error: 
    TIME: Wed Oct 28 2020 12:04:53 GMT+0300 (Москва, стандартное время)
    TYPE: GET
    URL: /boards/5f99343316b05307d8902ead/tasks/5f99343316b05307d8902eb0
    BODY: no body for GET
    ERROR STATUS: 404
    ERROR MESSAGE: Not Found
    ERROR DETAILS:
    Error: Not Found
    at D:\projects\NodeJS-course\src\resources\tasks\task.router.js:33:19
    at processTicksAndRejections (internal/process/task_queues.js:97:5)
    at runNextTicks (internal/process/task_queues.js:66:3)
    at processImmediate (internal/timers.js:429:9)
    
error: 
    TIME: Wed Oct 28 2020 12:04:53 GMT+0300 (Москва, стандартное время)
    TYPE: GET
    URL: /boards/5f99343316b05307d8902ead/tasks/5f99343316b05307d8902eb1
    BODY: no body for GET
    ERROR STATUS: 404
    ERROR MESSAGE: Not Found
    ERROR DETAILS:
    Error: Not Found
    at D:\projects\NodeJS-course\src\resources\tasks\task.router.js:33:19
    at processTicksAndRejections (internal/process/task_queues.js:97:5)
    at runNextTicks (internal/process/task_queues.js:66:3)
    at processImmediate (internal/timers.js:429:9)
    
error: 
    TIME: Wed Oct 28 2020 12:04:54 GMT+0300 (Москва, стандартное время)
    TYPE: GET
    URL: /boards/5f99343316b05307d8902ead/tasks/5f99343316b05307d8902eb2
    BODY: no body for GET
    ERROR STATUS: 404
    ERROR MESSAGE: Not Found
    ERROR DETAILS:
    Error: Not Found
    at D:\projects\NodeJS-course\src\resources\tasks\task.router.js:33:19
    at processTicksAndRejections (internal/process/task_queues.js:97:5)
    at runNextTicks (internal/process/task_queues.js:66:3)
    at processImmediate (internal/timers.js:429:9)
    
error: 
    TIME: Wed Oct 28 2020 12:04:57 GMT+0300 (Москва, стандартное время)
    TYPE: GET
    URL: /boards/5f99343616b05307d8902eb3/tasks/5f99343616b05307d8902eb4
    BODY: no body for GET
    ERROR STATUS: 404
    ERROR MESSAGE: Not Found
    ERROR DETAILS:
    Error: Not Found
    at D:\projects\NodeJS-course\src\resources\tasks\task.router.js:33:19
    at runMicrotasks (<anonymous>)
    at processTicksAndRejections (internal/process/task_queues.js:97:5)
    at runNextTicks (internal/process/task_queues.js:66:3)
    at processImmediate (internal/timers.js:429:9)
    
error: 
    TIME: Tue Nov 03 2020 18:45:34 GMT+0300 (Москва, стандартное время)
    TYPE: GET
    URL: /boards/5fa17b1d6c94be23806cba04
    BODY: no body for GET
    ERROR STATUS: 404
    ERROR MESSAGE: Not Found
    ERROR DETAILS:
    Error: Not Found
    at D:\projects\NodeJS-course\src\resources\boards\board.router.js:19:19
    at processTicksAndRejections (internal/process/task_queues.js:97:5)
    at runNextTicks (internal/process/task_queues.js:66:3)
    at processImmediate (internal/timers.js:429:9)
    
error: 
    TIME: Tue Nov 03 2020 18:45:35 GMT+0300 (Москва, стандартное время)
    TYPE: GET
    URL: /boards/5fa17b1e6c94be23806cba05/tasks/5fa17b1e6c94be23806cba06
    BODY: no body for GET
    ERROR STATUS: 404
    ERROR MESSAGE: Not Found
    ERROR DETAILS:
    Error: Not Found
    at D:\projects\NodeJS-course\src\resources\tasks\task.router.js:33:19
    at processTicksAndRejections (internal/process/task_queues.js:97:5)
    at runNextTicks (internal/process/task_queues.js:66:3)
    at processImmediate (internal/timers.js:429:9)
    
error: 
    TIME: Tue Nov 03 2020 18:45:35 GMT+0300 (Москва, стандартное время)
    TYPE: GET
    URL: /boards/5fa17b1e6c94be23806cba05/tasks/5fa17b1e6c94be23806cba07
    BODY: no body for GET
    ERROR STATUS: 404
    ERROR MESSAGE: Not Found
    ERROR DETAILS:
    Error: Not Found
    at D:\projects\NodeJS-course\src\resources\tasks\task.router.js:33:19
    at processTicksAndRejections (internal/process/task_queues.js:97:5)
    at runNextTicks (internal/process/task_queues.js:66:3)
    at processImmediate (internal/timers.js:429:9)
    
error: 
    TIME: Tue Nov 03 2020 18:45:35 GMT+0300 (Москва, стандартное время)
    TYPE: GET
    URL: /boards/5fa17b1e6c94be23806cba05/tasks/5fa17b1e6c94be23806cba09
    BODY: no body for GET
    ERROR STATUS: 404
    ERROR MESSAGE: Not Found
    ERROR DETAILS:
    Error: Not Found
    at D:\projects\NodeJS-course\src\resources\tasks\task.router.js:33:19
    at processTicksAndRejections (internal/process/task_queues.js:97:5)
    at runNextTicks (internal/process/task_queues.js:66:3)
    at processImmediate (internal/timers.js:429:9)
    
error: 
    TIME: Tue Nov 03 2020 18:45:35 GMT+0300 (Москва, стандартное время)
    TYPE: GET
    URL: /boards/5fa17b1e6c94be23806cba05/tasks/5fa17b1e6c94be23806cba08
    BODY: no body for GET
    ERROR STATUS: 404
    ERROR MESSAGE: Not Found
    ERROR DETAILS:
    Error: Not Found
    at D:\projects\NodeJS-course\src\resources\tasks\task.router.js:33:19
    at processTicksAndRejections (internal/process/task_queues.js:97:5)
    at runNextTicks (internal/process/task_queues.js:66:3)
    at processImmediate (internal/timers.js:429:9)
    
error: 
    TIME: Tue Nov 03 2020 18:45:35 GMT+0300 (Москва, стандартное время)
    TYPE: GET
    URL: /boards/5fa17b1e6c94be23806cba05/tasks/5fa17b1e6c94be23806cba0a
    BODY: no body for GET
    ERROR STATUS: 404
    ERROR MESSAGE: Not Found
    ERROR DETAILS:
    Error: Not Found
    at D:\projects\NodeJS-course\src\resources\tasks\task.router.js:33:19
    at processTicksAndRejections (internal/process/task_queues.js:97:5)
    at runNextTicks (internal/process/task_queues.js:66:3)
    at processImmediate (internal/timers.js:429:9)
    
error: 
    TIME: Tue Nov 03 2020 18:45:40 GMT+0300 (Москва, стандартное время)
    TYPE: GET
    URL: /boards/5fa17b206c94be23806cba0b/tasks/5fa17b206c94be23806cba0c
    BODY: no body for GET
    ERROR STATUS: 404
    ERROR MESSAGE: Not Found
    ERROR DETAILS:
    Error: Not Found
    at D:\projects\NodeJS-course\src\resources\tasks\task.router.js:33:19
    at processTicksAndRejections (internal/process/task_queues.js:97:5)
    at runNextTicks (internal/process/task_queues.js:66:3)
    at processImmediate (internal/timers.js:429:9)
    
error: 
    TIME: Tue Nov 03 2020 18:50:00 GMT+0300 (Москва, стандартное время)
    TYPE: GET
    URL: /boards/5fa17c2729460e27cc58d688
    BODY: no body for GET
    ERROR STATUS: 404
    ERROR MESSAGE: Not Found
    ERROR DETAILS:
    Error: Not Found
    at D:\projects\NodeJS-course\src\resources\boards\board.router.js:19:19
    at processTicksAndRejections (internal/process/task_queues.js:97:5)
    at runNextTicks (internal/process/task_queues.js:66:3)
    at processImmediate (internal/timers.js:429:9)
    
error: 
    TIME: Tue Nov 03 2020 18:50:02 GMT+0300 (Москва, стандартное время)
    TYPE: GET
    URL: /boards/5fa17c2829460e27cc58d689/tasks/5fa17c2829460e27cc58d68a
    BODY: no body for GET
    ERROR STATUS: 404
    ERROR MESSAGE: Not Found
    ERROR DETAILS:
    Error: Not Found
    at D:\projects\NodeJS-course\src\resources\tasks\task.router.js:33:19
    at processTicksAndRejections (internal/process/task_queues.js:97:5)
    at runNextTicks (internal/process/task_queues.js:66:3)
    at processImmediate (internal/timers.js:429:9)
    
error: 
    TIME: Tue Nov 03 2020 18:50:02 GMT+0300 (Москва, стандартное время)
    TYPE: GET
    URL: /boards/5fa17c2829460e27cc58d689/tasks/5fa17c2829460e27cc58d68b
    BODY: no body for GET
    ERROR STATUS: 404
    ERROR MESSAGE: Not Found
    ERROR DETAILS:
    Error: Not Found
    at D:\projects\NodeJS-course\src\resources\tasks\task.router.js:33:19
    at processTicksAndRejections (internal/process/task_queues.js:97:5)
    at runNextTicks (internal/process/task_queues.js:66:3)
    at processImmediate (internal/timers.js:429:9)
    
error: 
    TIME: Tue Nov 03 2020 18:50:02 GMT+0300 (Москва, стандартное время)
    TYPE: GET
    URL: /boards/5fa17c2829460e27cc58d689/tasks/5fa17c2829460e27cc58d68d
    BODY: no body for GET
    ERROR STATUS: 404
    ERROR MESSAGE: Not Found
    ERROR DETAILS:
    Error: Not Found
    at D:\projects\NodeJS-course\src\resources\tasks\task.router.js:33:19
    at processTicksAndRejections (internal/process/task_queues.js:97:5)
    at runNextTicks (internal/process/task_queues.js:66:3)
    at processImmediate (internal/timers.js:429:9)
    
error: 
    TIME: Tue Nov 03 2020 18:50:02 GMT+0300 (Москва, стандартное время)
    TYPE: GET
    URL: /boards/5fa17c2829460e27cc58d689/tasks/5fa17c2829460e27cc58d68c
    BODY: no body for GET
    ERROR STATUS: 404
    ERROR MESSAGE: Not Found
    ERROR DETAILS:
    Error: Not Found
    at D:\projects\NodeJS-course\src\resources\tasks\task.router.js:33:19
    at processTicksAndRejections (internal/process/task_queues.js:97:5)
    at runNextTicks (internal/process/task_queues.js:66:3)
    at processImmediate (internal/timers.js:429:9)
    
error: 
    TIME: Tue Nov 03 2020 18:50:02 GMT+0300 (Москва, стандартное время)
    TYPE: GET
    URL: /boards/5fa17c2829460e27cc58d689/tasks/5fa17c2829460e27cc58d68e
    BODY: no body for GET
    ERROR STATUS: 404
    ERROR MESSAGE: Not Found
    ERROR DETAILS:
    Error: Not Found
    at D:\projects\NodeJS-course\src\resources\tasks\task.router.js:33:19
    at processTicksAndRejections (internal/process/task_queues.js:97:5)
    at runNextTicks (internal/process/task_queues.js:66:3)
    at processImmediate (internal/timers.js:429:9)
    
error: 
    TIME: Tue Nov 03 2020 18:50:06 GMT+0300 (Москва, стандартное время)
    TYPE: GET
    URL: /boards/5fa17c2a29460e27cc58d68f/tasks/5fa17c2a29460e27cc58d690
    BODY: no body for GET
    ERROR STATUS: 404
    ERROR MESSAGE: Not Found
    ERROR DETAILS:
    Error: Not Found
    at D:\projects\NodeJS-course\src\resources\tasks\task.router.js:33:19
    at processTicksAndRejections (internal/process/task_queues.js:97:5)
    at runNextTicks (internal/process/task_queues.js:66:3)
    at processImmediate (internal/timers.js:429:9)
    
error: 
  TIME: Tue Nov 03 2020 18:58:32 GMT+0300 (Москва, стандартное время)
  ERROR: TypeError: logAuth is not a function
  ERROR TYPE: uncaughtException
  ERROR DETAILS:
  TypeError: logAuth is not a function
    at D:\projects\NodeJS-course\src\resources\login\login.router.js:30:11
    at D:\projects\NodeJS-course\node_modules\bcryptjs\dist\bcrypt.js:297:21
    at D:\projects\NodeJS-course\node_modules\bcryptjs\dist\bcrypt.js:1353:21
    at Immediate.next (D:\projects\NodeJS-course\node_modules\bcryptjs\dist\bcrypt.js:1233:21)
    at processImmediate (internal/timers.js:456:21)
  
error: 
  TIME: Tue Nov 03 2020 19:06:27 GMT+0300 (Москва, стандартное время)
  ERROR: TypeError: logAuth is not a function
  ERROR TYPE: uncaughtException
  ERROR DETAILS:
  TypeError: logAuth is not a function
    at D:\projects\NodeJS-course\src\resources\login\login.router.js:30:11
    at D:\projects\NodeJS-course\node_modules\bcryptjs\dist\bcrypt.js:297:21
    at D:\projects\NodeJS-course\node_modules\bcryptjs\dist\bcrypt.js:1353:21
    at Immediate.next (D:\projects\NodeJS-course\node_modules\bcryptjs\dist\bcrypt.js:1233:21)
    at processImmediate (internal/timers.js:456:21)
  
error: 
    TIME: Wed Nov 04 2020 17:30:40 GMT+0300 (Москва, стандартное время)
    TYPE: GET
    URL: /boards/5fa2bb0f1a51e1266c5ab114
    BODY: no body for GET
    ERROR STATUS: 404
    ERROR MESSAGE: Not Found
    ERROR DETAILS:
    Error: Not Found
    at D:\projects\NodeJS-course\src\resources\boards\board.router.js:19:19
    at processTicksAndRejections (internal/process/task_queues.js:97:5)
    at runNextTicks (internal/process/task_queues.js:66:3)
    at processImmediate (internal/timers.js:429:9)
    
error: 
    TIME: Wed Nov 04 2020 17:30:41 GMT+0300 (Москва, стандартное время)
    TYPE: GET
    URL: /boards/5fa2bb101a51e1266c5ab115/tasks/5fa2bb101a51e1266c5ab117
    BODY: no body for GET
    ERROR STATUS: 404
    ERROR MESSAGE: Not Found
    ERROR DETAILS:
    Error: Not Found
    at D:\projects\NodeJS-course\src\resources\tasks\task.router.js:33:19
    at processTicksAndRejections (internal/process/task_queues.js:97:5)
    at runNextTicks (internal/process/task_queues.js:66:3)
    at processImmediate (internal/timers.js:429:9)
    
error: 
    TIME: Wed Nov 04 2020 17:30:41 GMT+0300 (Москва, стандартное время)
    TYPE: GET
    URL: /boards/5fa2bb101a51e1266c5ab115/tasks/5fa2bb101a51e1266c5ab116
    BODY: no body for GET
    ERROR STATUS: 404
    ERROR MESSAGE: Not Found
    ERROR DETAILS:
    Error: Not Found
    at D:\projects\NodeJS-course\src\resources\tasks\task.router.js:33:19
    at processTicksAndRejections (internal/process/task_queues.js:97:5)
    at runNextTicks (internal/process/task_queues.js:66:3)
    at processImmediate (internal/timers.js:429:9)
    
error: 
    TIME: Wed Nov 04 2020 17:30:41 GMT+0300 (Москва, стандартное время)
    TYPE: GET
    URL: /boards/5fa2bb101a51e1266c5ab115/tasks/5fa2bb101a51e1266c5ab118
    BODY: no body for GET
    ERROR STATUS: 404
    ERROR MESSAGE: Not Found
    ERROR DETAILS:
    Error: Not Found
    at D:\projects\NodeJS-course\src\resources\tasks\task.router.js:33:19
    at processTicksAndRejections (internal/process/task_queues.js:97:5)
    at runNextTicks (internal/process/task_queues.js:66:3)
    at processImmediate (internal/timers.js:429:9)
    
error: 
    TIME: Wed Nov 04 2020 17:30:41 GMT+0300 (Москва, стандартное время)
    TYPE: GET
    URL: /boards/5fa2bb101a51e1266c5ab115/tasks/5fa2bb101a51e1266c5ab119
    BODY: no body for GET
    ERROR STATUS: 404
    ERROR MESSAGE: Not Found
    ERROR DETAILS:
    Error: Not Found
    at D:\projects\NodeJS-course\src\resources\tasks\task.router.js:33:19
    at processTicksAndRejections (internal/process/task_queues.js:97:5)
    at runNextTicks (internal/process/task_queues.js:66:3)
    at processImmediate (internal/timers.js:429:9)
    
error: 
    TIME: Wed Nov 04 2020 17:30:41 GMT+0300 (Москва, стандартное время)
    TYPE: GET
    URL: /boards/5fa2bb101a51e1266c5ab115/tasks/5fa2bb101a51e1266c5ab11a
    BODY: no body for GET
    ERROR STATUS: 404
    ERROR MESSAGE: Not Found
    ERROR DETAILS:
    Error: Not Found
    at D:\projects\NodeJS-course\src\resources\tasks\task.router.js:33:19
    at processTicksAndRejections (internal/process/task_queues.js:97:5)
    at runNextTicks (internal/process/task_queues.js:66:3)
    at processImmediate (internal/timers.js:429:9)
    
error: 
    TIME: Wed Nov 04 2020 17:30:45 GMT+0300 (Москва, стандартное время)
    TYPE: GET
    URL: /boards/5fa2bb121a51e1266c5ab11b/tasks/5fa2bb121a51e1266c5ab11c
    BODY: no body for GET
    ERROR STATUS: 404
    ERROR MESSAGE: Not Found
    ERROR DETAILS:
    Error: Not Found
    at D:\projects\NodeJS-course\src\resources\tasks\task.router.js:33:19
    at processTicksAndRejections (internal/process/task_queues.js:97:5)
    at runNextTicks (internal/process/task_queues.js:66:3)
    at processImmediate (internal/timers.js:429:9)
    
error: 
    TIME: Wed Nov 04 2020 17:32:05 GMT+0300 (Москва, стандартное время)
    TYPE: GET
    URL: /boards/5fa2bb65bd836c2590dfaf06
    BODY: no body for GET
    ERROR STATUS: 404
    ERROR MESSAGE: Not Found
    ERROR DETAILS:
    Error: Not Found
    at D:\projects\NodeJS-course\src\resources\boards\board.router.js:19:19
    at processTicksAndRejections (internal/process/task_queues.js:97:5)
    at runNextTicks (internal/process/task_queues.js:66:3)
    at processImmediate (internal/timers.js:429:9)
    
error: 
    TIME: Wed Nov 04 2020 17:32:06 GMT+0300 (Москва, стандартное время)
    TYPE: GET
    URL: /boards/5fa2bb65bd836c2590dfaf07/tasks/5fa2bb65bd836c2590dfaf08
    BODY: no body for GET
    ERROR STATUS: 404
    ERROR MESSAGE: Not Found
    ERROR DETAILS:
    Error: Not Found
    at D:\projects\NodeJS-course\src\resources\tasks\task.router.js:33:19
    at processTicksAndRejections (internal/process/task_queues.js:97:5)
    at runNextTicks (internal/process/task_queues.js:66:3)
    at processImmediate (internal/timers.js:429:9)
    
error: 
    TIME: Wed Nov 04 2020 17:32:06 GMT+0300 (Москва, стандартное время)
    TYPE: GET
    URL: /boards/5fa2bb65bd836c2590dfaf07/tasks/5fa2bb65bd836c2590dfaf0a
    BODY: no body for GET
    ERROR STATUS: 404
    ERROR MESSAGE: Not Found
    ERROR DETAILS:
    Error: Not Found
    at D:\projects\NodeJS-course\src\resources\tasks\task.router.js:33:19
    at processTicksAndRejections (internal/process/task_queues.js:97:5)
    at runNextTicks (internal/process/task_queues.js:66:3)
    at processImmediate (internal/timers.js:429:9)
    
error: 
    TIME: Wed Nov 04 2020 17:32:06 GMT+0300 (Москва, стандартное время)
    TYPE: GET
    URL: /boards/5fa2bb65bd836c2590dfaf07/tasks/5fa2bb65bd836c2590dfaf09
    BODY: no body for GET
    ERROR STATUS: 404
    ERROR MESSAGE: Not Found
    ERROR DETAILS:
    Error: Not Found
    at D:\projects\NodeJS-course\src\resources\tasks\task.router.js:33:19
    at processTicksAndRejections (internal/process/task_queues.js:97:5)
    at runNextTicks (internal/process/task_queues.js:66:3)
    at processImmediate (internal/timers.js:429:9)
    
error: 
    TIME: Wed Nov 04 2020 17:32:06 GMT+0300 (Москва, стандартное время)
    TYPE: GET
    URL: /boards/5fa2bb65bd836c2590dfaf07/tasks/5fa2bb65bd836c2590dfaf0b
    BODY: no body for GET
    ERROR STATUS: 404
    ERROR MESSAGE: Not Found
    ERROR DETAILS:
    Error: Not Found
    at D:\projects\NodeJS-course\src\resources\tasks\task.router.js:33:19
    at processTicksAndRejections (internal/process/task_queues.js:97:5)
    at runNextTicks (internal/process/task_queues.js:66:3)
    at processImmediate (internal/timers.js:429:9)
    
error: 
    TIME: Wed Nov 04 2020 17:32:07 GMT+0300 (Москва, стандартное время)
    TYPE: GET
    URL: /boards/5fa2bb65bd836c2590dfaf07/tasks/5fa2bb65bd836c2590dfaf0c
    BODY: no body for GET
    ERROR STATUS: 404
    ERROR MESSAGE: Not Found
    ERROR DETAILS:
    Error: Not Found
    at D:\projects\NodeJS-course\src\resources\tasks\task.router.js:33:19
    at processTicksAndRejections (internal/process/task_queues.js:97:5)
    at runNextTicks (internal/process/task_queues.js:66:3)
    at processImmediate (internal/timers.js:429:9)
    
error: 
    TIME: Wed Nov 04 2020 17:32:10 GMT+0300 (Москва, стандартное время)
    TYPE: GET
    URL: /boards/5fa2bb67bd836c2590dfaf0d/tasks/5fa2bb67bd836c2590dfaf0e
    BODY: no body for GET
    ERROR STATUS: 404
    ERROR MESSAGE: Not Found
    ERROR DETAILS:
    Error: Not Found
    at D:\projects\NodeJS-course\src\resources\tasks\task.router.js:33:19
    at processTicksAndRejections (internal/process/task_queues.js:97:5)
    at runNextTicks (internal/process/task_queues.js:66:3)
    at processImmediate (internal/timers.js:429:9)
    
error: 
    TIME: Wed Nov 04 2020 17:32:36 GMT+0300 (Москва, стандартное время)
    TYPE: GET
    URL: /boards/5fa2bb837e3bc7251c058d1d
    BODY: no body for GET
    ERROR STATUS: 404
    ERROR MESSAGE: Not Found
    ERROR DETAILS:
    Error: Not Found
    at D:\projects\NodeJS-course\src\resources\boards\board.router.js:19:19
    at processTicksAndRejections (internal/process/task_queues.js:97:5)
    at runNextTicks (internal/process/task_queues.js:66:3)
    at processImmediate (internal/timers.js:429:9)
    
error: 
    TIME: Wed Nov 04 2020 17:32:37 GMT+0300 (Москва, стандартное время)
    TYPE: GET
    URL: /boards/5fa2bb847e3bc7251c058d1e/tasks/5fa2bb847e3bc7251c058d22
    BODY: no body for GET
    ERROR STATUS: 404
    ERROR MESSAGE: Not Found
    ERROR DETAILS:
    Error: Not Found
    at D:\projects\NodeJS-course\src\resources\tasks\task.router.js:33:19
    at processTicksAndRejections (internal/process/task_queues.js:97:5)
    at runNextTicks (internal/process/task_queues.js:66:3)
    at processImmediate (internal/timers.js:429:9)
    
error: 
    TIME: Wed Nov 04 2020 17:32:37 GMT+0300 (Москва, стандартное время)
    TYPE: GET
    URL: /boards/5fa2bb847e3bc7251c058d1e/tasks/5fa2bb847e3bc7251c058d20
    BODY: no body for GET
    ERROR STATUS: 404
    ERROR MESSAGE: Not Found
    ERROR DETAILS:
    Error: Not Found
    at D:\projects\NodeJS-course\src\resources\tasks\task.router.js:33:19
    at processTicksAndRejections (internal/process/task_queues.js:97:5)
    at runNextTicks (internal/process/task_queues.js:66:3)
    at processImmediate (internal/timers.js:429:9)
    
error: 
    TIME: Wed Nov 04 2020 17:32:37 GMT+0300 (Москва, стандартное время)
    TYPE: GET
    URL: /boards/5fa2bb847e3bc7251c058d1e/tasks/5fa2bb847e3bc7251c058d1f
    BODY: no body for GET
    ERROR STATUS: 404
    ERROR MESSAGE: Not Found
    ERROR DETAILS:
    Error: Not Found
    at D:\projects\NodeJS-course\src\resources\tasks\task.router.js:33:19
    at processTicksAndRejections (internal/process/task_queues.js:97:5)
    at runNextTicks (internal/process/task_queues.js:66:3)
    at processImmediate (internal/timers.js:429:9)
    
error: 
    TIME: Wed Nov 04 2020 17:32:37 GMT+0300 (Москва, стандартное время)
    TYPE: GET
    URL: /boards/5fa2bb847e3bc7251c058d1e/tasks/5fa2bb847e3bc7251c058d21
    BODY: no body for GET
    ERROR STATUS: 404
    ERROR MESSAGE: Not Found
    ERROR DETAILS:
    Error: Not Found
    at D:\projects\NodeJS-course\src\resources\tasks\task.router.js:33:19
    at processTicksAndRejections (internal/process/task_queues.js:97:5)
    at runNextTicks (internal/process/task_queues.js:66:3)
    at processImmediate (internal/timers.js:429:9)
    
error: 
    TIME: Wed Nov 04 2020 17:32:37 GMT+0300 (Москва, стандартное время)
    TYPE: GET
    URL: /boards/5fa2bb847e3bc7251c058d1e/tasks/5fa2bb847e3bc7251c058d23
    BODY: no body for GET
    ERROR STATUS: 404
    ERROR MESSAGE: Not Found
    ERROR DETAILS:
    Error: Not Found
    at D:\projects\NodeJS-course\src\resources\tasks\task.router.js:33:19
    at processTicksAndRejections (internal/process/task_queues.js:97:5)
    at runNextTicks (internal/process/task_queues.js:66:3)
    at processImmediate (internal/timers.js:429:9)
    
error: 
    TIME: Wed Nov 04 2020 17:32:41 GMT+0300 (Москва, стандартное время)
    TYPE: GET
    URL: /boards/5fa2bb867e3bc7251c058d24/tasks/5fa2bb867e3bc7251c058d25
    BODY: no body for GET
    ERROR STATUS: 404
    ERROR MESSAGE: Not Found
    ERROR DETAILS:
    Error: Not Found
    at D:\projects\NodeJS-course\src\resources\tasks\task.router.js:33:19
    at processTicksAndRejections (internal/process/task_queues.js:97:5)
    at runNextTicks (internal/process/task_queues.js:66:3)
    at processImmediate (internal/timers.js:429:9)
    
